# JRE version: OpenJDK Runtime Environment (8.0_332-b08) (build 1.8.0_332-b08)
# Java VM: OpenJDK 64-Bit Server VM (25.332-b08 mixed mode windows-amd64 compressed oops)
Heap:
 PSYoungGen      total 574464K, used 85435K [0x00000000d5580000, 0x00000000ff600000, 0x0000000100000000)
  eden space 466432K, 11% used [0x00000000d5580000,0x00000000d87a9c90,0x00000000f1d00000)
  from space 108032K, 31% used [0x00000000f8c80000,0x00000000fadc50c8,0x00000000ff600000)
  to   space 111104K, 0% used [0x00000000f1d00000,0x00000000f1d00000,0x00000000f8980000)
 ParOldGen       total 381440K, used 261010K [0x0000000080000000, 0x0000000097480000, 0x00000000d5580000)
  object space 381440K, 68% used [0x0000000080000000,0x000000008fee4b50,0x0000000097480000)
 Metaspace       used 299917K, capacity 310604K, committed 310744K, reserved 1323008K
  class space    used 35926K, capacity 38077K, committed 38144K, reserved 1048576K
GC Heap History (10 events):
Event: 8316.366 GC heap before
{Heap before GC invocations=91 (full 9):
 PSYoungGen      total 592896K, used 592871K [0x00000000d5580000, 0x0000000100000000, 0x0000000100000000)
  eden space 486912K, 100% used [0x00000000d5580000,0x00000000f3100000,0x00000000f3100000)
  from space 105984K, 99% used [0x00000000f3100000,0x00000000f9879d58,0x00000000f9880000)
  to   space 105984K, 0% used [0x00000000f9880000,0x00000000f9880000,0x0000000100000000)
 ParOldGen       total 381440K, used 227476K [0x0000000080000000, 0x0000000097480000, 0x00000000d5580000)
  object space 381440K, 59% used [0x0000000080000000,0x000000008de251e8,0x0000000097480000)
 Metaspace       used 273097K, capacity 282890K, committed 282968K, reserved 1298432K
  class space    used 32735K, capacity 34667K, committed 34688K, reserved 1048576K
Event: 8316.389 GC heap after
Heap after GC invocations=91 (full 9):
 PSYoungGen      total 553984K, used 7013K [0x00000000d5580000, 0x0000000100000000, 0x0000000100000000)
  eden space 448000K, 0% used [0x00000000d5580000,0x00000000d5580000,0x00000000f0b00000)
  from space 105984K, 6% used [0x00000000f9880000,0x00000000f9f59440,0x0000000100000000)
  to   space 125440K, 0% used [0x00000000f0b00000,0x00000000f0b00000,0x00000000f8580000)
 ParOldGen       total 381440K, used 243871K [0x0000000080000000, 0x0000000097480000, 0x00000000d5580000)
  object space 381440K, 63% used [0x0000000080000000,0x000000008ee27fa8,0x0000000097480000)
 Metaspace       used 273097K, capacity 282890K, committed 282968K, reserved 1298432K
  class space    used 32735K, capacity 34667K, committed 34688K, reserved 1048576K
}
Event: 8320.474 GC heap before
{Heap before GC invocations=92 (full 9):
 PSYoungGen      total 553984K, used 455013K [0x00000000d5580000, 0x0000000100000000, 0x0000000100000000)
  eden space 448000K, 100% used [0x00000000d5580000,0x00000000f0b00000,0x00000000f0b00000)
  from space 105984K, 6% used [0x00000000f9880000,0x00000000f9f59440,0x0000000100000000)
  to   space 125440K, 0% used [0x00000000f0b00000,0x00000000f0b00000,0x00000000f8580000)
 ParOldGen       total 381440K, used 243871K [0x0000000080000000, 0x0000000097480000, 0x00000000d5580000)
  object space 381440K, 63% used [0x0000000080000000,0x000000008ee27fa8,0x0000000097480000)
 Metaspace       used 280965K, capacity 290754K, committed 291032K, reserved 1304576K
  class space    used 33628K, capacity 35583K, committed 35584K, reserved 1048576K
Event: 8320.507 GC heap after
Heap after GC invocations=92 (full 9):
 PSYoungGen      total 573440K, used 26041K [0x00000000d5580000, 0x0000000100000000, 0x0000000100000000)
  eden space 448000K, 0% used [0x00000000d5580000,0x00000000d5580000,0x00000000f0b00000)
  from space 125440K, 20% used [0x00000000f0b00000,0x00000000f246e508,0x00000000f8580000)
  to   space 118272K, 0% used [0x00000000f8c80000,0x00000000f8c80000,0x0000000100000000)
 ParOldGen       total 381440K, used 249593K [0x0000000080000000, 0x0000000097480000, 0x00000000d5580000)
  object space 381440K, 65% used [0x0000000080000000,0x000000008f3be6f8,0x0000000097480000)
 Metaspace       used 280965K, capacity 290754K, committed 291032K, reserved 1304576K
  class space    used 33628K, capacity 35583K, committed 35584K, reserved 1048576K
}
Event: 8457.593 GC heap before
{Heap before GC invocations=93 (full 9):
 PSYoungGen      total 573440K, used 473841K [0x00000000d5580000, 0x0000000100000000, 0x0000000100000000)
  eden space 448000K, 99% used [0x00000000d5580000,0x00000000f0ace138,0x00000000f0b00000)
  from space 125440K, 20% used [0x00000000f0b00000,0x00000000f246e508,0x00000000f8580000)
  to   space 118272K, 0% used [0x00000000f8c80000,0x00000000f8c80000,0x0000000100000000)
 ParOldGen       total 381440K, used 249593K [0x0000000080000000, 0x0000000097480000, 0x00000000d5580000)
  object space 381440K, 65% used [0x0000000080000000,0x000000008f3be6f8,0x0000000097480000)
 Metaspace       used 281022K, capacity 290882K, committed 291032K, reserved 1304576K
  class space    used 33628K, capacity 35583K, committed 35584K, reserved 1048576K
Event: 8457.631 GC heap after
Heap after GC invocations=93 (full 9):
 PSYoungGen      total 558080K, used 14489K [0x00000000d5580000, 0x00000000ff100000, 0x0000000100000000)
  eden space 455168K, 0% used [0x00000000d5580000,0x00000000d5580000,0x00000000f1200000)
  from space 102912K, 14% used [0x00000000f8c80000,0x00000000f9aa6478,0x00000000ff100000)
  to   space 114176K, 0% used [0x00000000f1200000,0x00000000f1200000,0x00000000f8180000)
 ParOldGen       total 381440K, used 259623K [0x0000000080000000, 0x0000000097480000, 0x00000000d5580000)
  object space 381440K, 68% used [0x0000000080000000,0x000000008fd89ce0,0x0000000097480000)
 Metaspace       used 281022K, capacity 290882K, committed 291032K, reserved 1304576K
  class space    used 33628K, capacity 35583K, committed 35584K, reserved 1048576K
}
Event: 8738.838 GC heap before
{Heap before GC invocations=94 (full 9):
 PSYoungGen      total 558080K, used 469657K [0x00000000d5580000, 0x00000000ff100000, 0x0000000100000000)
  eden space 455168K, 100% used [0x00000000d5580000,0x00000000f1200000,0x00000000f1200000)
  from space 102912K, 14% used [0x00000000f8c80000,0x00000000f9aa6478,0x00000000ff100000)
  to   space 114176K, 0% used [0x00000000f1200000,0x00000000f1200000,0x00000000f8180000)
 ParOldGen       total 381440K, used 259623K [0x0000000080000000, 0x0000000097480000, 0x00000000d5580000)
  object space 381440K, 68% used [0x0000000080000000,0x000000008fd89ce0,0x0000000097480000)
 Metaspace       used 288892K, capacity 298874K, committed 299480K, reserved 1312768K
  class space    used 34520K, capacity 36499K, committed 36608K, reserved 1048576K
Event: 8738.911 GC heap after
Heap after GC invocations=94 (full 9):
 PSYoungGen      total 569344K, used 67687K [0x00000000d5580000, 0x0000000100000000, 0x0000000100000000)
  eden space 455168K, 0% used [0x00000000d5580000,0x00000000d5580000,0x00000000f1200000)
  from space 114176K, 59% used [0x00000000f1200000,0x00000000f5419da0,0x00000000f8180000)
  to   space 118272K, 0% used [0x00000000f8c80000,0x00000000f8c80000,0x0000000100000000)
 ParOldGen       total 381440K, used 261002K [0x0000000080000000, 0x0000000097480000, 0x00000000d5580000)
  object space 381440K, 68% used [0x0000000080000000,0x000000008fee2b50,0x0000000097480000)
 Metaspace       used 288892K, capacity 298874K, committed 299480K, reserved 1312768K
  class space    used 34520K, capacity 36499K, committed 36608K, reserved 1048576K
}
Event: 10687.112 GC heap before
{Heap before GC invocations=95 (full 9):
 PSYoungGen      total 569344K, used 522855K [0x00000000d5580000, 0x0000000100000000, 0x0000000100000000)
  eden space 455168K, 100% used [0x00000000d5580000,0x00000000f1200000,0x00000000f1200000)
  from space 114176K, 59% used [0x00000000f1200000,0x00000000f5419da0,0x00000000f8180000)
  to   space 118272K, 0% used [0x00000000f8c80000,0x00000000f8c80000,0x0000000100000000)
 ParOldGen       total 381440K, used 261002K [0x0000000080000000, 0x0000000097480000, 0x00000000d5580000)
  object space 381440K, 68% used [0x0000000080000000,0x000000008fee2b50,0x0000000097480000)
 Metaspace       used 299112K, capacity 309648K, committed 309848K, reserved 1320960K
  class space    used 35817K, capacity 37923K, committed 38016K, reserved 1048576K
Event: 10687.967 GC heap after
Heap after GC invocations=95 (full 9):
 PSYoungGen      total 574464K, used 34068K [0x00000000d5580000, 0x00000000ff600000, 0x0000000100000000)
  eden space 466432K, 0% used [0x00000000d5580000,0x00000000d5580000,0x00000000f1d00000)
  from space 108032K, 31% used [0x00000000f8c80000,0x00000000fadc50c8,0x00000000ff600000)
  to   space 111104K, 0% used [0x00000000f1d00000,0x00000000f1d00000,0x00000000f8980000)
 ParOldGen       total 381440K, used 261010K [0x0000000080000000, 0x0000000097480000, 0x00000000d5580000)
  object space 381440K, 68% used [0x0000000080000000,0x000000008fee4b50,0x0000000097480000)
 Metaspace       used 299112K, capacity 309648K, committed 309848K, reserved 1320960K
  class space    used 35817K, capacity 37923K, committed 38016K, reserved 1048576K
}

